mode: set
github.com/edgequake/edgequake-go/client.go:46.40,48.25 2 1
github.com/edgequake/edgequake-go/client.go:48.25,50.3 1 1
github.com/edgequake/edgequake-go/client.go:51.2,52.15 2 1
github.com/edgequake/edgequake-go/client.go:52.15,54.3 1 1
github.com/edgequake/edgequake-go/client.go:55.2,78.10 24 1
github.com/edgequake/edgequake-go/client.go:82.35,82.59 1 1
github.com/edgequake/edgequake-go/client.go:84.112,87.17 3 1
github.com/edgequake/edgequake-go/client.go:87.17,89.17 2 1
github.com/edgequake/edgequake-go/client.go:89.17,91.4 1 0
github.com/edgequake/edgequake-go/client.go:92.3,92.34 1 1
github.com/edgequake/edgequake-go/client.go:94.2,95.16 2 1
github.com/edgequake/edgequake-go/client.go:95.16,97.3 1 0
github.com/edgequake/edgequake-go/client.go:98.2,98.17 1 1
github.com/edgequake/edgequake-go/client.go:98.17,100.3 1 1
github.com/edgequake/edgequake-go/client.go:101.2,105.24 3 1
github.com/edgequake/edgequake-go/client.go:105.24,107.3 1 1
github.com/edgequake/edgequake-go/client.go:108.2,108.29 1 1
github.com/edgequake/edgequake-go/client.go:108.29,110.3 1 1
github.com/edgequake/edgequake-go/client.go:111.2,111.26 1 1
github.com/edgequake/edgequake-go/client.go:111.26,113.3 1 1
github.com/edgequake/edgequake-go/client.go:114.2,114.29 1 1
github.com/edgequake/edgequake-go/client.go:114.29,116.3 1 1
github.com/edgequake/edgequake-go/client.go:117.2,117.24 1 1
github.com/edgequake/edgequake-go/client.go:117.24,119.3 1 1
github.com/edgequake/edgequake-go/client.go:120.2,120.17 1 1
github.com/edgequake/edgequake-go/client.go:123.61,125.21 2 1
github.com/edgequake/edgequake-go/client.go:125.21,127.3 1 0
github.com/edgequake/edgequake-go/client.go:128.2,129.53 2 1
github.com/edgequake/edgequake-go/client.go:129.53,130.18 1 1
github.com/edgequake/edgequake-go/client.go:130.18,132.11 2 1
github.com/edgequake/edgequake-go/client.go:133.31,133.31 0 1
github.com/edgequake/edgequake-go/client.go:134.32,135.31 1 0
github.com/edgequake/edgequake-go/client.go:137.4,137.26 1 1
github.com/edgequake/edgequake-go/client.go:137.26,139.19 2 1
github.com/edgequake/edgequake-go/client.go:139.19,141.6 1 0
github.com/edgequake/edgequake-go/client.go:142.5,142.20 1 1
github.com/edgequake/edgequake-go/client.go:145.3,146.17 2 1
github.com/edgequake/edgequake-go/client.go:146.17,148.12 2 1
github.com/edgequake/edgequake-go/client.go:150.3,150.54 1 1
github.com/edgequake/edgequake-go/client.go:150.54,151.59 1 1
github.com/edgequake/edgequake-go/client.go:151.59,154.5 2 1
github.com/edgequake/edgequake-go/client.go:155.4,156.14 2 1
github.com/edgequake/edgequake-go/client.go:158.3,161.56 4 1
github.com/edgequake/edgequake-go/client.go:161.56,163.12 2 1
github.com/edgequake/edgequake-go/client.go:165.3,165.16 1 1
github.com/edgequake/edgequake-go/client.go:167.2,167.16 1 1
github.com/edgequake/edgequake-go/client.go:170.96,171.21 1 1
github.com/edgequake/edgequake-go/client.go:171.21,173.3 1 1
github.com/edgequake/edgequake-go/client.go:174.2,175.16 2 1
github.com/edgequake/edgequake-go/client.go:175.16,177.3 1 0
github.com/edgequake/edgequake-go/client.go:178.2,178.21 1 1
github.com/edgequake/edgequake-go/client.go:181.84,183.16 2 1
github.com/edgequake/edgequake-go/client.go:183.16,185.3 1 0
github.com/edgequake/edgequake-go/client.go:186.2,186.21 1 1
github.com/edgequake/edgequake-go/client.go:197.71,199.16 2 1
github.com/edgequake/edgequake-go/client.go:199.16,201.3 1 0
github.com/edgequake/edgequake-go/client.go:202.2,202.23 1 1
github.com/edgequake/edgequake-go/client.go:205.90,207.16 2 1
github.com/edgequake/edgequake-go/client.go:207.16,209.3 1 0
github.com/edgequake/edgequake-go/client.go:210.2,210.23 1 1
github.com/edgequake/edgequake-go/client.go:213.91,215.16 2 1
github.com/edgequake/edgequake-go/client.go:215.16,217.3 1 0
github.com/edgequake/edgequake-go/client.go:218.2,218.23 1 1
github.com/edgequake/edgequake-go/error.go:30.35,31.21 1 1
github.com/edgequake/edgequake-go/error.go:31.21,33.3 1 1
github.com/edgequake/edgequake-go/error.go:34.2,34.67 1 1
github.com/edgequake/edgequake-go/error.go:38.42,39.9 1 1
github.com/edgequake/edgequake-go/error.go:40.31,41.47 1 1
github.com/edgequake/edgequake-go/error.go:42.33,43.49 1 1
github.com/edgequake/edgequake-go/error.go:44.30,45.46 1 1
github.com/edgequake/edgequake-go/error.go:46.29,47.45 1 1
github.com/edgequake/edgequake-go/error.go:48.29,49.45 1 1
github.com/edgequake/edgequake-go/error.go:50.31,51.56 1 1
github.com/edgequake/edgequake-go/error.go:52.32,53.52 1 1
github.com/edgequake/edgequake-go/error.go:54.27,55.29 1 1
github.com/edgequake/edgequake-go/error.go:56.10,57.15 1 0
github.com/edgequake/edgequake-go/error.go:62.39,64.2 1 1
github.com/edgequake/edgequake-go/error.go:66.47,68.22 2 1
github.com/edgequake/edgequake-go/error.go:68.22,70.3 1 1
github.com/edgequake/edgequake-go/error.go:71.2,71.28 1 1
github.com/edgequake/edgequake-go/error.go:71.28,73.3 1 0
github.com/edgequake/edgequake-go/error.go:74.2,74.15 1 1
github.com/edgequake/edgequake-go/option.go:24.36,31.2 1 1
github.com/edgequake/edgequake-go/option.go:34.37,35.31 1 1
github.com/edgequake/edgequake-go/option.go:35.31,35.50 1 1
github.com/edgequake/edgequake-go/option.go:39.36,40.31 1 1
github.com/edgequake/edgequake-go/option.go:40.31,40.49 1 1
github.com/edgequake/edgequake-go/option.go:44.43,45.31 1 1
github.com/edgequake/edgequake-go/option.go:45.31,45.56 1 1
github.com/edgequake/edgequake-go/option.go:49.37,50.31 1 1
github.com/edgequake/edgequake-go/option.go:50.31,50.50 1 1
github.com/edgequake/edgequake-go/option.go:54.40,55.31 1 1
github.com/edgequake/edgequake-go/option.go:55.31,55.53 1 1
github.com/edgequake/edgequake-go/option.go:59.35,60.31 1 1
github.com/edgequake/edgequake-go/option.go:60.31,60.48 1 1
github.com/edgequake/edgequake-go/option.go:64.45,65.31 1 1
github.com/edgequake/edgequake-go/option.go:65.31,65.52 1 1
github.com/edgequake/edgequake-go/option.go:69.42,70.31 1 1
github.com/edgequake/edgequake-go/option.go:70.31,70.48 1 1
github.com/edgequake/edgequake-go/option.go:74.35,75.31 1 1
github.com/edgequake/edgequake-go/option.go:75.31,75.51 1 1
github.com/edgequake/edgequake-go/services.go:18.77,20.59 2 1
github.com/edgequake/edgequake-go/services.go:20.59,22.3 1 1
github.com/edgequake/edgequake-go/services.go:23.2,23.18 1 1
github.com/edgequake/edgequake-go/services.go:29.104,31.14 2 1
github.com/edgequake/edgequake-go/services.go:31.14,33.3 1 1
github.com/edgequake/edgequake-go/services.go:34.2,34.17 1 1
github.com/edgequake/edgequake-go/services.go:34.17,36.3 1 1
github.com/edgequake/edgequake-go/services.go:37.2,38.72 2 1
github.com/edgequake/edgequake-go/services.go:38.72,40.3 1 1
github.com/edgequake/edgequake-go/services.go:41.2,41.18 1 1
github.com/edgequake/edgequake-go/services.go:44.82,46.89 2 1
github.com/edgequake/edgequake-go/services.go:46.89,48.3 1 1
github.com/edgequake/edgequake-go/services.go:49.2,49.18 1 1
github.com/edgequake/edgequake-go/services.go:54.113,56.71 2 1
github.com/edgequake/edgequake-go/services.go:56.71,58.3 1 1
github.com/edgequake/edgequake-go/services.go:59.2,59.18 1 1
github.com/edgequake/edgequake-go/services.go:62.72,64.2 1 1
github.com/edgequake/edgequake-go/services.go:66.64,68.2 1 1
github.com/edgequake/edgequake-go/services.go:70.92,72.100 2 1
github.com/edgequake/edgequake-go/services.go:72.100,74.3 1 1
github.com/edgequake/edgequake-go/services.go:75.2,75.18 1 1
github.com/edgequake/edgequake-go/services.go:78.97,80.78 2 1
github.com/edgequake/edgequake-go/services.go:80.78,82.3 1 1
github.com/edgequake/edgequake-go/services.go:83.2,83.18 1 1
github.com/edgequake/edgequake-go/services.go:86.99,88.105 2 1
github.com/edgequake/edgequake-go/services.go:88.105,90.3 1 1
github.com/edgequake/edgequake-go/services.go:91.2,91.18 1 1
github.com/edgequake/edgequake-go/services.go:97.84,99.15 2 1
github.com/edgequake/edgequake-go/services.go:99.15,101.3 1 1
github.com/edgequake/edgequake-go/services.go:102.2,103.68 2 1
github.com/edgequake/edgequake-go/services.go:103.68,105.3 1 1
github.com/edgequake/edgequake-go/services.go:106.2,106.18 1 1
github.com/edgequake/edgequake-go/services.go:110.107,113.15 3 1
github.com/edgequake/edgequake-go/services.go:113.15,115.3 1 1
github.com/edgequake/edgequake-go/services.go:116.2,117.81 2 1
github.com/edgequake/edgequake-go/services.go:117.81,119.3 1 1
github.com/edgequake/edgequake-go/services.go:120.2,120.18 1 1
github.com/edgequake/edgequake-go/services.go:127.118,129.14 2 1
github.com/edgequake/edgequake-go/services.go:129.14,131.3 1 1
github.com/edgequake/edgequake-go/services.go:132.2,132.17 1 1
github.com/edgequake/edgequake-go/services.go:132.17,134.3 1 1
github.com/edgequake/edgequake-go/services.go:135.2,135.22 1 1
github.com/edgequake/edgequake-go/services.go:135.22,137.3 1 1
github.com/edgequake/edgequake-go/services.go:138.2,139.77 2 1
github.com/edgequake/edgequake-go/services.go:139.77,141.3 1 1
github.com/edgequake/edgequake-go/services.go:142.2,142.18 1 1
github.com/edgequake/edgequake-go/services.go:145.94,147.112 2 1
github.com/edgequake/edgequake-go/services.go:147.112,149.3 1 1
github.com/edgequake/edgequake-go/services.go:150.2,150.18 1 1
github.com/edgequake/edgequake-go/services.go:153.112,155.78 2 1
github.com/edgequake/edgequake-go/services.go:155.78,157.3 1 1
github.com/edgequake/edgequake-go/services.go:158.2,158.18 1 1
github.com/edgequake/edgequake-go/services.go:161.105,163.84 2 1
github.com/edgequake/edgequake-go/services.go:163.84,165.3 1 1
github.com/edgequake/edgequake-go/services.go:166.2,166.18 1 1
github.com/edgequake/edgequake-go/services.go:169.72,171.2 1 1
github.com/edgequake/edgequake-go/services.go:175.97,179.84 4 1
github.com/edgequake/edgequake-go/services.go:179.84,181.3 1 1
github.com/edgequake/edgequake-go/services.go:182.2,182.18 1 1
github.com/edgequake/edgequake-go/services.go:185.114,187.15 2 1
github.com/edgequake/edgequake-go/services.go:187.15,189.3 1 1
github.com/edgequake/edgequake-go/services.go:190.2,191.128 2 1
github.com/edgequake/edgequake-go/services.go:191.128,193.3 1 1
github.com/edgequake/edgequake-go/services.go:194.2,194.18 1 1
github.com/edgequake/edgequake-go/services.go:201.111,203.14 2 1
github.com/edgequake/edgequake-go/services.go:203.14,205.3 1 1
github.com/edgequake/edgequake-go/services.go:206.2,206.17 1 1
github.com/edgequake/edgequake-go/services.go:206.17,208.3 1 1
github.com/edgequake/edgequake-go/services.go:209.2,210.82 2 1
github.com/edgequake/edgequake-go/services.go:210.82,212.3 1 1
github.com/edgequake/edgequake-go/services.go:213.2,213.18 1 1
github.com/edgequake/edgequake-go/services.go:216.116,218.83 2 1
github.com/edgequake/edgequake-go/services.go:218.83,220.3 1 1
github.com/edgequake/edgequake-go/services.go:221.2,221.18 1 1
github.com/edgequake/edgequake-go/services.go:227.99,229.69 2 1
github.com/edgequake/edgequake-go/services.go:229.69,231.3 1 1
github.com/edgequake/edgequake-go/services.go:232.2,232.18 1 1
github.com/edgequake/edgequake-go/services.go:238.120,240.80 2 1
github.com/edgequake/edgequake-go/services.go:240.80,242.3 1 1
github.com/edgequake/edgequake-go/services.go:243.2,243.18 1 1
github.com/edgequake/edgequake-go/services.go:249.95,251.74 2 1
github.com/edgequake/edgequake-go/services.go:251.74,253.3 1 1
github.com/edgequake/edgequake-go/services.go:254.2,254.18 1 1
github.com/edgequake/edgequake-go/services.go:257.66,259.67 2 1
github.com/edgequake/edgequake-go/services.go:259.67,261.3 1 1
github.com/edgequake/edgequake-go/services.go:262.2,262.18 1 1
github.com/edgequake/edgequake-go/services.go:265.99,267.76 2 1
github.com/edgequake/edgequake-go/services.go:267.76,269.3 1 1
github.com/edgequake/edgequake-go/services.go:270.2,270.18 1 1
github.com/edgequake/edgequake-go/services.go:276.96,278.69 2 1
github.com/edgequake/edgequake-go/services.go:278.69,280.3 1 1
github.com/edgequake/edgequake-go/services.go:281.2,281.18 1 1
github.com/edgequake/edgequake-go/services.go:284.78,286.85 2 1
github.com/edgequake/edgequake-go/services.go:286.85,288.3 1 1
github.com/edgequake/edgequake-go/services.go:289.2,289.18 1 1
github.com/edgequake/edgequake-go/services.go:292.76,294.65 2 1
github.com/edgequake/edgequake-go/services.go:294.65,296.3 1 1
github.com/edgequake/edgequake-go/services.go:297.2,297.18 1 1
github.com/edgequake/edgequake-go/services.go:303.91,306.70 3 1
github.com/edgequake/edgequake-go/services.go:306.70,308.3 1 1
github.com/edgequake/edgequake-go/services.go:309.2,309.18 1 1
github.com/edgequake/edgequake-go/services.go:312.80,314.68 2 1
github.com/edgequake/edgequake-go/services.go:314.68,316.3 1 1
github.com/edgequake/edgequake-go/services.go:317.2,317.18 1 1
github.com/edgequake/edgequake-go/services.go:320.70,322.2 1 1
github.com/edgequake/edgequake-go/services.go:327.80,329.67 2 1
github.com/edgequake/edgequake-go/services.go:329.67,331.3 1 1
github.com/edgequake/edgequake-go/services.go:332.2,332.18 1 1
github.com/edgequake/edgequake-go/services.go:335.102,337.71 2 1
github.com/edgequake/edgequake-go/services.go:337.71,339.3 1 1
github.com/edgequake/edgequake-go/services.go:340.2,340.18 1 1
github.com/edgequake/edgequake-go/services.go:346.120,348.77 2 1
github.com/edgequake/edgequake-go/services.go:348.77,350.3 1 1
github.com/edgequake/edgequake-go/services.go:351.2,351.18 1 1
github.com/edgequake/edgequake-go/services.go:354.85,356.73 2 1
github.com/edgequake/edgequake-go/services.go:356.73,358.3 1 1
github.com/edgequake/edgequake-go/services.go:359.2,359.17 1 1
github.com/edgequake/edgequake-go/services.go:362.96,364.93 2 1
github.com/edgequake/edgequake-go/services.go:364.93,366.3 1 1
github.com/edgequake/edgequake-go/services.go:367.2,367.18 1 1
github.com/edgequake/edgequake-go/services.go:370.76,372.2 1 1
github.com/edgequake/edgequake-go/services.go:374.136,376.118 2 1
github.com/edgequake/edgequake-go/services.go:376.118,378.3 1 1
github.com/edgequake/edgequake-go/services.go:379.2,379.18 1 1
github.com/edgequake/edgequake-go/services.go:382.89,384.100 2 1
github.com/edgequake/edgequake-go/services.go:384.100,386.3 1 1
github.com/edgequake/edgequake-go/services.go:387.2,387.18 1 1
github.com/edgequake/edgequake-go/services.go:392.106,395.87 3 1
github.com/edgequake/edgequake-go/services.go:395.87,397.3 1 1
github.com/edgequake/edgequake-go/services.go:398.2,398.18 1 1
github.com/edgequake/edgequake-go/services.go:403.73,406.2 2 1
github.com/edgequake/edgequake-go/services.go:408.75,411.2 2 1
github.com/edgequake/edgequake-go/services.go:416.102,418.71 2 1
github.com/edgequake/edgequake-go/services.go:418.71,420.3 1 1
github.com/edgequake/edgequake-go/services.go:421.2,421.18 1 1
github.com/edgequake/edgequake-go/services.go:424.73,426.67 2 1
github.com/edgequake/edgequake-go/services.go:426.67,428.3 1 1
github.com/edgequake/edgequake-go/services.go:429.2,429.17 1 1
github.com/edgequake/edgequake-go/services.go:432.82,434.87 2 1
github.com/edgequake/edgequake-go/services.go:434.87,436.3 1 1
github.com/edgequake/edgequake-go/services.go:437.2,437.18 1 1
github.com/edgequake/edgequake-go/services.go:440.70,442.2 1 1
github.com/edgequake/edgequake-go/services.go:447.110,449.18 2 1
github.com/edgequake/edgequake-go/services.go:449.18,451.3 1 1
github.com/edgequake/edgequake-go/services.go:452.2,452.14 1 1
github.com/edgequake/edgequake-go/services.go:452.14,454.3 1 1
github.com/edgequake/edgequake-go/services.go:455.2,455.17 1 1
github.com/edgequake/edgequake-go/services.go:455.17,457.3 1 1
github.com/edgequake/edgequake-go/services.go:458.2,459.68 2 1
github.com/edgequake/edgequake-go/services.go:459.68,461.3 1 1
github.com/edgequake/edgequake-go/services.go:462.2,462.18 1 1
github.com/edgequake/edgequake-go/services.go:465.83,467.90 2 1
github.com/edgequake/edgequake-go/services.go:467.90,469.3 1 1
github.com/edgequake/edgequake-go/services.go:470.2,470.18 1 1
github.com/edgequake/edgequake-go/services.go:473.73,475.2 1 1
github.com/edgequake/edgequake-go/services.go:480.80,482.75 2 1
github.com/edgequake/edgequake-go/services.go:482.75,484.3 1 1
github.com/edgequake/edgequake-go/services.go:485.2,485.18 1 1
github.com/edgequake/edgequake-go/services.go:489.79,491.82 2 1
github.com/edgequake/edgequake-go/services.go:491.82,493.3 1 1
github.com/edgequake/edgequake-go/services.go:494.2,494.18 1 1
github.com/edgequake/edgequake-go/services.go:500.74,502.73 2 1
github.com/edgequake/edgequake-go/services.go:502.73,504.3 1 1
github.com/edgequake/edgequake-go/services.go:505.2,505.18 1 1
github.com/edgequake/edgequake-go/services.go:509.100,511.21 2 1
github.com/edgequake/edgequake-go/services.go:511.21,513.3 1 1
github.com/edgequake/edgequake-go/services.go:514.2,514.19 1 1
github.com/edgequake/edgequake-go/services.go:514.19,516.3 1 1
github.com/edgequake/edgequake-go/services.go:517.2,518.76 2 1
github.com/edgequake/edgequake-go/services.go:518.76,520.3 1 1
github.com/edgequake/edgequake-go/services.go:521.2,521.17 1 1
github.com/edgequake/edgequake-go/services.go:524.72,526.72 2 1
github.com/edgequake/edgequake-go/services.go:526.72,528.3 1 1
github.com/edgequake/edgequake-go/services.go:529.2,529.18 1 1
github.com/edgequake/edgequake-go/services.go:536.82,538.86 2 1
github.com/edgequake/edgequake-go/services.go:538.86,540.3 1 1
github.com/edgequake/edgequake-go/services.go:541.2,541.18 1 1
github.com/edgequake/edgequake-go/services.go:548.105,550.121 2 1
github.com/edgequake/edgequake-go/services.go:550.121,552.3 1 1
github.com/edgequake/edgequake-go/services.go:553.2,553.17 1 1
github.com/edgequake/edgequake-go/services.go:560.110,562.15 2 1
github.com/edgequake/edgequake-go/services.go:562.15,564.3 1 1
github.com/edgequake/edgequake-go/services.go:565.2,566.123 2 1
github.com/edgequake/edgequake-go/services.go:566.123,568.3 1 1
github.com/edgequake/edgequake-go/services.go:569.2,569.18 1 1
github.com/edgequake/edgequake-go/services.go:575.76,577.66 2 1
github.com/edgequake/edgequake-go/services.go:577.66,579.3 1 1
github.com/edgequake/edgequake-go/services.go:580.2,580.18 1 1
github.com/edgequake/edgequake-go/services.go:584.85,586.84 2 1
github.com/edgequake/edgequake-go/services.go:586.84,588.3 1 1
github.com/edgequake/edgequake-go/services.go:589.2,589.18 1 1
github.com/edgequake/edgequake-go/services.go:593.90,595.73 2 1
github.com/edgequake/edgequake-go/services.go:595.73,597.3 1 1
github.com/edgequake/edgequake-go/services.go:598.2,598.17 1 1
github.com/edgequake/edgequake-go/services.go:606.105,608.104 2 1
github.com/edgequake/edgequake-go/services.go:608.104,610.3 1 1
github.com/edgequake/edgequake-go/services.go:611.2,611.17 1 1
github.com/edgequake/edgequake-go/services.go:614.137,616.108 2 1
github.com/edgequake/edgequake-go/services.go:616.108,618.3 1 1
github.com/edgequake/edgequake-go/services.go:619.2,619.18 1 1
github.com/edgequake/edgequake-go/services.go:622.88,624.90 2 1
github.com/edgequake/edgequake-go/services.go:624.90,626.3 1 1
github.com/edgequake/edgequake-go/services.go:627.2,627.18 1 1
github.com/edgequake/edgequake-go/services.go:630.91,632.96 2 1
github.com/edgequake/edgequake-go/services.go:632.96,634.3 1 1
github.com/edgequake/edgequake-go/services.go:635.2,635.18 1 1
github.com/edgequake/edgequake-go/services.go:638.104,640.110 2 1
github.com/edgequake/edgequake-go/services.go:640.110,642.3 1 1
github.com/edgequake/edgequake-go/services.go:643.2,643.18 1 1
github.com/edgequake/edgequake-go/services.go:650.98,652.107 2 1
github.com/edgequake/edgequake-go/services.go:652.107,654.3 1 1
github.com/edgequake/edgequake-go/services.go:655.2,655.18 1 1
github.com/edgequake/edgequake-go/services.go:658.94,660.104 2 1
github.com/edgequake/edgequake-go/services.go:660.104,662.3 1 1
github.com/edgequake/edgequake-go/services.go:663.2,663.18 1 1
github.com/edgequake/edgequake-go/services.go:666.94,668.96 2 1
github.com/edgequake/edgequake-go/services.go:668.96,670.3 1 1
github.com/edgequake/edgequake-go/services.go:671.2,671.18 1 1
github.com/edgequake/edgequake-go/services.go:674.68,676.73 2 1
github.com/edgequake/edgequake-go/services.go:676.73,678.3 1 1
github.com/edgequake/edgequake-go/services.go:679.2,679.17 1 1
